<?xml version="1.0" encoding="UTF-8"?>
<!-- Generated by org.testng.reporters.JUnitReportReporter -->
<testsuite hostname="KSNB0931" name="de.mw.mwdata.core.ofdb.service.OfdbRegistrationTest" tests="4" failures="0" timestamp="28 Jul 2017 08:27:26 GMT" time="7.741" errors="0">
  <testcase name="testRegisterViewWithMissingUrlPath" time="1.384" classname="de.mw.mwdata.core.ofdb.service.OfdbRegistrationTest"/>
  <testcase name="testEmptyRegistration" time="1.720" classname="de.mw.mwdata.core.ofdb.service.OfdbRegistrationTest"/>
  <testcase name="testRegistration_And_1JoinResult" time="3.121" classname="de.mw.mwdata.core.ofdb.service.OfdbRegistrationTest"/>
  <testcase name="testRegisterViewWithMissingFullClassName" time="1.516" classname="de.mw.mwdata.core.ofdb.service.OfdbRegistrationTest"/>
</testsuite> <!-- de.mw.mwdata.core.ofdb.service.OfdbRegistrationTest -->
