<?xml version="1.0" encoding="UTF-8" ?>
<testsuite failures="0" time="0.46" errors="0" skipped="0" tests="0" name="TestSuite">
  <properties>
    <property name="java.vendor" value="Oracle Corporation"/>
    <property name="env.SYSTEMROOT" value="C:\Windows"/>
    <property name="localRepository" value="I:\m2_repository"/>
    <property name="env.DEFLOGDIR" value="C:\ProgramData\McAfee\DesktopProtection"/>
    <property name="sun.java.launcher" value="SUN_STANDARD"/>
    <property name="env.MATRACEAPPS" value="Server"/>
    <property name="sun.management.compiler" value="HotSpot 64-Bit Tiered Compilers"/>
    <property name="env.PROMPT" value="$P$G"/>
    <property name="env.WDIR" value="I:\"/>
    <property name="os.name" value="Windows 7"/>
    <property name="env.FP_NO_HOST_CHECK" value="NO"/>
    <property name="sun.boot.class.path" value="I:\jdks\jdk1.7.0_80\jre\lib\resources.jar;I:\jdks\jdk1.7.0_80\jre\lib\rt.jar;I:\jdks\jdk1.7.0_80\jre\lib\sunrsasign.jar;I:\jdks\jdk1.7.0_80\jre\lib\jsse.jar;I:\jdks\jdk1.7.0_80\jre\lib\jce.jar;I:\jdks\jdk1.7.0_80\jre\lib\charsets.jar;I:\jdks\jdk1.7.0_80\jre\lib\jfr.jar;I:\jdks\jdk1.7.0_80\jre\classes"/>
    <property name="env.COMPUTERNAME" value="KSNB0931"/>
    <property name="env.ALLUSERSPROFILE" value="C:\ProgramData"/>
    <property name="sun.desktop" value="windows"/>
    <property name="java.vm.specification.vendor" value="Oracle Corporation"/>
    <property name="env.PLMVIS_82_LIBPATH" value="C:\Program Files (x86)\SAP\FrontEnd\SAPgui\Program"/>
    <property name="java.runtime.version" value="1.7.0_80-b15"/>
    <property name="env.HOMEPATH" value="\"/>
    <property name="env.J2EE_HOME" value="I:\jdks\jdk1.7.0_80"/>
    <property name="env.HOMESHARE" value="\\krone-s2\wilbersm"/>
    <property name="env.NOTEPAD_HOME" value="C:\PROGRA~2\NOTEPA~1"/>
    <property name="user.name" value="wilbersm"/>
    <property name="maven.build.version" value="Apache Maven 3.5.0 (ff8f5e7444045639af65f6095c62210b5713f426; 2017-04-03T21:39:06+02:00)"/>
    <property name="env.WINDOWS_TRACING_FLAGS" value="3"/>
    <property name="env.PATH" value="I:\jdks\jdk1.7.0_80\bin;I:\cmd;I:\IDE\eclipse;I:\apache-maven-3.5.0\bin;I:\;C:\oraclexe\app\oracle\product\11.2.0\server\bin;;C:\ProgramData\Oracle\Java\javapath;C:\Windows\system32;C:\Windows;C:\Windows\System32\Wbem;C:\Windows\System32\WindowsPowerShell\v1.0\;C:\Program Files (x86)\Plantronics\Spokes3G\;c:\Program Files (x86)\Microsoft SQL Server\100\Tools\Binn\;c:\Program Files\Microsoft SQL Server\100\Tools\Binn\;c:\Program Files\Microsoft SQL Server\100\DTS\Binn\;c:\Program Files (x86)\Microsoft SQL Server\100\Tools\Binn\VSShell\Common7\IDE\;c:\Program Files (x86)\Microsoft Visual Studio 9.0\Common7\IDE\PrivateAssemblies\;c:\Program Files (x86)\Microsoft SQL Server\100\DTS\Binn\"/>
    <property name="user.language" value="de"/>
    <property name="env.JVMCONFIG" value="\.mvn\jvm.config"/>
    <property name="env.WINDIR" value="C:\Windows"/>
    <property name="sun.boot.library.path" value="I:\jdks\jdk1.7.0_80\jre\bin"/>
    <property name="classworlds.conf" value="I:\apache-maven-3.5.0\bin\..\bin\m2.conf"/>
    <property name="java.version" value="1.7.0_80"/>
    <property name="env.PROCESSOR_IDENTIFIER" value="Intel64 Family 6 Model 78 Stepping 3, GenuineIntel"/>
    <property name="user.timezone" value="Europe/Berlin"/>
    <property name="env.TEMP" value="C:\Users\wilbersm\AppData\Local\Temp"/>
    <property name="sun.arch.data.model" value="64"/>
    <property name="env.EXEC_DIR" value="I:\src\modules\mw.parent"/>
    <property name="env.WINDOWS_TRACING_LOGFILE" value="C:\BVTBin\Tests\installpackage\csilogfile.log"/>
    <property name="java.endorsed.dirs" value="I:\jdks\jdk1.7.0_80\jre\lib\endorsed"/>
    <property name="env.VSEDEFLOGDIR" value="C:\ProgramData\McAfee\DesktopProtection"/>
    <property name="sun.cpu.isalist" value="amd64"/>
    <property name="env.HOMEDRIVE" value="Z:"/>
    <property name="sun.jnu.encoding" value="Cp1252"/>
    <property name="file.encoding.pkg" value="sun.io"/>
    <property name="env.SYSTEMDRIVE" value="C:"/>
    <property name="file.separator" value="\"/>
    <property name="java.specification.name" value="Java Platform API Specification"/>
    <property name="maven.conf" value="I:\apache-maven-3.5.0\bin\../conf"/>
    <property name="env.CMD_HOME" value="I:\cmd"/>
    <property name="env.JAVACMD" value="I:\jdks\jdk1.7.0_80\bin\java.exe"/>
    <property name="java.class.version" value="51.0"/>
    <property name="user.country" value="DE"/>
    <property name="java.home" value="I:\jdks\jdk1.7.0_80\jre"/>
    <property name="env.APPDATA" value="C:\Users\wilbersm\AppData\Roaming"/>
    <property name="env.PUBLIC" value="C:\Users\Public"/>
    <property name="java.vm.info" value="mixed mode"/>
    <property name="env.CATALINA_HOME" value="I:\appserver\apache-tomcat-7.0.78"/>
    <property name="env.OS" value="Windows_NT"/>
    <property name="env.JAVA_JDK" value="I:\jdks\jdk1.7.0_80"/>
    <property name="os.version" value="6.1"/>
    <property name="env.TCVIS_ENABLE_AERO" value="True"/>
    <property name="env.=::" value="::\"/>
    <property name="env.JAVA_OPTS" value="-XX:MaxPermSize=256m -Xmx1024m -Dfile.encoding=&quot;UTF-8&quot; -Duser.language=en -Duser.country=GB"/>
    <property name="path.separator" value=";"/>
    <property name="java.vm.version" value="24.80-b11"/>
    <property name="env.USERPROFILE" value="C:\Users\wilbersm"/>
    <property name="user.variant" value=""/>
    <property name="env.SAPLOGON_INI_FILE" value="C:\\Windows\\saplogon.ini"/>
    <property name="env.JAVA_HOME" value="I:\jdks\jdk1.7.0_80"/>
    <property name="java.awt.printerjob" value="sun.awt.windows.WPrinterJob"/>
    <property name="env.PROGRAMFILES" value="C:\Program Files"/>
    <property name="env.TMP" value="C:\Users\wilbersm\AppData\Local\Temp"/>
    <property name="sun.io.unicode.encoding" value="UnicodeLittle"/>
    <property name="awt.toolkit" value="sun.awt.windows.WToolkit"/>
    <property name="user.script" value=""/>
    <property name="env.JPROFILER_JAVA_HOME" value="I:\jdks\jdk1.7.0_80"/>
    <property name="user.home" value="C:\Users\wilbersm"/>
    <property name="env.COMMONPROGRAMFILES" value="C:\Program Files\Common Files"/>
    <property name="env.=EXITCODE" value="00000000"/>
    <property name="env.SESSIONNAME" value="Console"/>
    <property name="env.TITLE" value="MWDATA Javaprompt- version 1.0"/>
    <property name="java.specification.vendor" value="Oracle Corporation"/>
    <property name="env.M2_HOME" value="I:\apache-maven-3.5.0"/>
    <property name="java.vendor.url" value="http://java.oracle.com/"/>
    <property name="java.library.path" value="I:\jdks\jdk1.7.0_80\bin;C:\Windows\Sun\Java\bin;C:\Windows\system32;C:\Windows;I:\jdks\jdk1.7.0_80\bin;I:\cmd;I:\IDE\eclipse;I:\apache-maven-3.5.0\bin;I:\;C:\oraclexe\app\oracle\product\11.2.0\server\bin;;C:\ProgramData\Oracle\Java\javapath;C:\Windows\system32;C:\Windows;C:\Windows\System32\Wbem;C:\Windows\System32\WindowsPowerShell\v1.0\;C:\Program Files (x86)\Plantronics\Spokes3G\;c:\Program Files (x86)\Microsoft SQL Server\100\Tools\Binn\;c:\Program Files\Microsoft SQL Server\100\Tools\Binn\;c:\Program Files\Microsoft SQL Server\100\DTS\Binn\;c:\Program Files (x86)\Microsoft SQL Server\100\Tools\Binn\VSShell\Common7\IDE\;c:\Program Files (x86)\Microsoft Visual Studio 9.0\Common7\IDE\PrivateAssemblies\;c:\Program Files (x86)\Microsoft SQL Server\100\DTS\Binn\;."/>
    <property name="env.NUMBER_OF_PROCESSORS" value="4"/>
    <property name="library.jansi.path" value="I:\apache-maven-3.5.0\bin\..\lib\jansi-native\windows64"/>
    <property name="env.SVN_EDITOR" value="C:\WINDOWS\notepad.exe"/>
    <property name="env.CLASSWORLDS_LAUNCHER" value="org.codehaus.plexus.classworlds.launcher.Launcher"/>
    <property name="env.PSMODULEPATH" value="C:\Windows\system32\WindowsPowerShell\v1.0\Modules\"/>
    <property name="env.USERDNSDOMAIN" value="KRONE.DE"/>
    <property name="env.COMMONPROGRAMFILES(X86)" value="C:\Program Files (x86)\Common Files"/>
    <property name="env.MAVEN_CMD_LINE_ARGS" value="clean install"/>
    <property name="java.vm.vendor" value="Oracle Corporation"/>
    <property name="env.M2_REPO" value="I:\m2_repository"/>
    <property name="java.runtime.name" value="Java(TM) SE Runtime Environment"/>
    <property name="maven.home" value="I:\apache-maven-3.5.0\bin\.."/>
    <property name="java.class.path" value="I:\apache-maven-3.5.0\bin\..\boot\plexus-classworlds-2.5.2.jar"/>
    <property name="sun.java.command" value="org.codehaus.plexus.classworlds.launcher.Launcher clean install"/>
    <property name="env.PROGRAMW6432" value="C:\Program Files"/>
    <property name="env.MY_CMD_HOME" value="I:\cmd"/>
    <property name="maven.version" value="3.5.0"/>
    <property name="env.PROGRAMFILES(X86)" value="C:\Program Files (x86)"/>
    <property name="java.vm.specification.name" value="Java Virtual Machine Specification"/>
    <property name="env.JAVA_7" value="I:\jdks\jdk1.7.0_80"/>
    <property name="env.JAVA_6" value="I:\jdks\jdk1.6.0_45"/>
    <property name="env.CATALINA_BASE" value="I:\appserver\apache-tomcat-7.0.78"/>
    <property name="env.LOGONSERVER" value="\\KRONE-SDC2"/>
    <property name="java.vm.specification.version" value="1.7"/>
    <property name="env.PROCESSOR_ARCHITECTURE" value="AMD64"/>
    <property name="env.COMMONPROGRAMW6432" value="C:\Program Files\Common Files"/>
    <property name="sun.os.patch.level" value="Service Pack 1"/>
    <property name="sun.cpu.endian" value="little"/>
    <property name="surefire.test.class.path" value="I:\src\modules\mwdata.app.admin\app.admin.business\target\test-classes;I:\src\modules\mwdata.app.admin\app.admin.business\target\classes;I:\m2_repository\org\springframework\spring-core\4.3.1.RELEASE\spring-core-4.3.1.RELEASE.jar;I:\m2_repository\commons-logging\commons-logging\1.2\commons-logging-1.2.jar;I:\m2_repository\org\testng\testng\6.9.10\testng-6.9.10.jar;I:\m2_repository\com\beust\jcommander\1.48\jcommander-1.48.jar;I:\m2_repository\org\beanshell\bsh\2.0b4\bsh-2.0b4.jar;I:\m2_repository\org\springframework\spring-test\4.3.1.RELEASE\spring-test-4.3.1.RELEASE.jar;I:\src\modules\common-testframework\target\common-testframework-1.0-SNAPSHOT.jar;I:\m2_repository\org\springframework\spring-tx\4.3.1.RELEASE\spring-tx-4.3.1.RELEASE.jar;I:\m2_repository\org\springframework\spring-jdbc\4.3.1.RELEASE\spring-jdbc-4.3.1.RELEASE.jar;I:\m2_repository\org\springframework\spring-context\4.3.1.RELEASE\spring-context-4.3.1.RELEASE.jar;I:\m2_repository\org\springframework\spring-expression\4.3.1.RELEASE\spring-expression-4.3.1.RELEASE.jar;I:\m2_repository\org\springframework\spring-beans\4.3.1.RELEASE\spring-beans-4.3.1.RELEASE.jar;I:\m2_repository\org\springframework\spring-aop\4.3.1.RELEASE\spring-aop-4.3.1.RELEASE.jar;I:\m2_repository\org\springframework\spring-orm\4.3.1.RELEASE\spring-orm-4.3.1.RELEASE.jar;I:\m2_repository\commons-dbcp\commons-dbcp\1.3\commons-dbcp-1.3.jar;I:\m2_repository\commons-pool\commons-pool\1.5.4\commons-pool-1.5.4.jar;I:\m2_repository\org\apache\tomcat\tomcat-dbcp\7.0.55\tomcat-dbcp-7.0.55.jar;I:\m2_repository\org\apache\tomcat\tomcat-jdbc\7.0.19\tomcat-jdbc-7.0.19.jar;I:\m2_repository\p6spy\p6spy\1.3\p6spy-1.3.jar;I:\m2_repository\ch\qos\logback\logback-classic\1.1.3\logback-classic-1.1.3.jar;I:\m2_repository\ch\qos\logback\logback-core\1.1.3\logback-core-1.1.3.jar;I:\m2_repository\org\slf4j\slf4j-api\1.7.7\slf4j-api-1.7.7.jar;I:\m2_repository\org\slf4j\jcl-over-slf4j\1.7.21\jcl-over-slf4j-1.7.21.jar;I:\m2_repository\org\hibernate\hibernate-core\4.3.6.Final\hibernate-core-4.3.6.Final.jar;I:\m2_repository\org\jboss\logging\jboss-logging\3.1.3.GA\jboss-logging-3.1.3.GA.jar;I:\m2_repository\org\jboss\logging\jboss-logging-annotations\1.2.0.Beta1\jboss-logging-annotations-1.2.0.Beta1.jar;I:\m2_repository\org\jboss\spec\javax\transaction\jboss-transaction-api_1.2_spec\1.0.0.Final\jboss-transaction-api_1.2_spec-1.0.0.Final.jar;I:\m2_repository\dom4j\dom4j\1.6.1\dom4j-1.6.1.jar;I:\m2_repository\xml-apis\xml-apis\1.0.b2\xml-apis-1.0.b2.jar;I:\m2_repository\org\hibernate\common\hibernate-commons-annotations\4.0.5.Final\hibernate-commons-annotations-4.0.5.Final.jar;I:\m2_repository\org\javassist\javassist\3.18.1-GA\javassist-3.18.1-GA.jar;I:\m2_repository\antlr\antlr\2.7.7\antlr-2.7.7.jar;I:\m2_repository\org\jboss\jandex\1.1.0.Final\jandex-1.1.0.Final.jar;I:\m2_repository\org\hsqldb\hsqldb\2.3.3\hsqldb-2.3.3.jar;I:\src\modules\mwdata.core\target\core-1.0-SNAPSHOT-tests.jar;I:\m2_repository\commons-lang\commons-lang\2.5\commons-lang-2.5.jar;I:\m2_repository\commons-collections\commons-collections\3.2.1\commons-collections-3.2.1.jar;I:\m2_repository\com\oracle\ojdbc5\11.2.0.1.0\ojdbc5-11.2.0.1.0.jar;I:\m2_repository\org\hibernate\javax\persistence\hibernate-jpa-2.1-api\1.0.0.Final\hibernate-jpa-2.1-api-1.0.0.Final.jar;I:\m2_repository\javassist\javassist\3.18.2-GA\javassist-3.18.2-GA.jar;I:\src\modules\common-utils\target\common-utils-1.0-SNAPSHOT.jar;I:\src\modules\mwdata.ofdb-api\target\ofdb-api-1.0-SNAPSHOT.jar;"/>
    <property name="java.io.tmpdir" value="C:\Users\wilbersm\AppData\Local\Temp\"/>
    <property name="env.PROCESSOR_REVISION" value="4e03"/>
    <property name="java.vendor.url.bug" value="http://bugreport.sun.com/bugreport/"/>
    <property name="maven.multiModuleProjectDirectory" value="I:\src\modules\mw.parent"/>
    <property name="env.MAVEN_OPTS" value="-XX:MaxPermSize=256m -Xmx1024m -Dfile.encoding=&quot;UTF-8&quot;"/>
    <property name="env.COMSPEC" value="C:\Windows\system32\cmd.exe"/>
    <property name="env.ECLIPSE_HOME" value="I:\IDE\eclipse"/>
    <property name="env.PROGRAMDATA" value="C:\ProgramData"/>
    <property name="java.awt.graphicsenv" value="sun.awt.Win32GraphicsEnvironment"/>
    <property name="os.arch" value="amd64"/>
    <property name="env.SERVER_OPTS" value="-XX:MaxPermSize=768m -Xmx2048m -Dfile.encoding=&quot;UTF-8&quot; -Duser.language=en -Duser.country=GB"/>
    <property name="java.ext.dirs" value="I:\jdks\jdk1.7.0_80\jre\lib\ext;C:\Windows\Sun\Java\lib\ext"/>
    <property name="user.dir" value="I:\src\modules\mwdata.app.admin\app.admin.business"/>
    <property name="env.LOCALAPPDATA" value="C:\Users\wilbersm\AppData\Local"/>
    <property name="env.MAVEN_HOME" value="I:\apache-maven-3.5.0\bin\.."/>
    <property name="line.separator" value="
"/>
    <property name="java.vm.name" value="Java HotSpot(TM) 64-Bit Server VM"/>
    <property name="env.CLASSWORLDS_JAR" value="&quot;I:\apache-maven-3.5.0\bin\..\boot\plexus-classworlds-2.5.2.jar&quot;"/>
    <property name="env.PATHEXT" value=".COM;.EXE;.BAT;.CMD;.VBS;.VBE;.JS;.JSE;.WSF;.WSH;.MSC"/>
    <property name="env.JRE_HOME" value="C:\Program Files\Java\jre1.8.0_121"/>
    <property name="basedir" value="I:\src\modules\mwdata.app.admin\app.admin.business"/>
    <property name="env.ERROR_CODE" value="0"/>
    <property name="env.USERNAME" value="wilbersm"/>
    <property name="file.encoding" value="UTF-8"/>
    <property name="env.USERDOMAIN" value="KRONE-SP"/>
    <property name="java.specification.version" value="1.7"/>
    <property name="env.PROCESSOR_LEVEL" value="6"/>
    <property name="env.MAVEN_PROJECTBASEDIR" value="I:\src\modules\mw.parent"/>
    <property name="env.=I:" value="I:\src\modules\mw.parent"/>
  </properties>
</testsuite>