<?xml version="1.0" encoding="UTF-8"?>
<!-- Generated by org.testng.reporters.JUnitReportReporter -->
<testsuite hostname="ZEBDEPNB1000216" name="de.mw.mwdata.core.ofdb.service.CRUDTest" tests="5" failures="0" timestamp="25 Jan 2017 16:27:31 GMT" time="8.959" errors="0">
  <testcase name="testFindAllWithSorting" time="0.172" classname="de.mw.mwdata.core.ofdb.service.CRUDTest"/>
  <testcase name="testFindByCriteria" time="4.644" classname="de.mw.mwdata.core.ofdb.service.CRUDTest"/>
  <testcase name="testInitializeOfdbMapper" time="0.762" classname="de.mw.mwdata.core.ofdb.service.CRUDTest"/>
  <testcase name="testSequenceIncrementationAndInterceptor" time="0.974" classname="de.mw.mwdata.core.ofdb.service.CRUDTest"/>
  <testcase name="testLoadMenues" time="2.407" classname="de.mw.mwdata.core.ofdb.service.CRUDTest"/>
</testsuite> <!-- de.mw.mwdata.core.ofdb.service.CRUDTest -->
