<?xml version="1.0" encoding="UTF-8"?>
<!-- Generated by org.testng.reporters.JUnitReportReporter -->
<testsuite hostname="KSNB0931" name="de.mw.mwdata.core.web.util.test.MwUrlTest" tests="1" failures="0" timestamp="27 Jul 2017 12:08:49 GMT" time="24.643" errors="0">
  <testcase name="testRestbasedMwUrl" time="24.643" classname="de.mw.mwdata.core.web.util.test.MwUrlTest"/>
</testsuite> <!-- de.mw.mwdata.core.web.util.test.MwUrlTest -->
